[Wed, 23 Oct 2024 09:26:21 +0700] [home.my] [127.0.0.1] [Error(1): Uncaught PDOException: SQLSTATE[23000]: Integrity constraint violation: 1062 Duplicate entry '25-deluxe1_1.jpg' for key 'did' in C:\xampp\htdocs\Home_hotel\vendor\vinades\nukeviet\Core\Database.php:694
Stack trace:
#0 C:\xampp\htdocs\Home_hotel\vendor\vinades\nukeviet\Core\Database.php(694): PDOStatement->execute(NULL)
#1 C:\xampp\htdocs\Home_hotel\admin\upload\upload.php(236): NukeViet\Core\NukeVietPDOStatement->execute()
#2 C:\xampp\htdocs\Home_hotel\admin\index.php(182): require('C:\\xampp\\htdocs...')
#3 {main}
  thrown] [FILE: /vendor/vinades/nukeviet/Core/Database.php] [LINE: 694]
[Wed, 23 Oct 2024 09:26:21 +0700] [home.my] [127.0.0.1] [Warning(2): exif_read_data(img_11892_1.png): File not supported] [FILE: /vendor/vinades/nukeviet/Files/Upload.php] [LINE: 1076] [TRACE:]
#1  LINE: 182   FILE: /admin/index.php
#2  LINE: 73    FILE: /admin/upload/upload.php
#3  LINE: 1076  FILE: /vendor/vinades/nukeviet/Files/Upload.php

[Wed, 23 Oct 2024 09:52:28 +0700] [home.my] [127.0.0.1] [Warning(2): Array to string conversion] [FILE: /includes/xtemplate.class.php] [LINE: 864] [TRACE:]
#1  LINE: 369   FILE: /index.php
#2  LINE: 130   FILE: /modules/room/funcs/main.php

[Wed, 23 Oct 2024 09:52:28 +0700] [home.my] [127.0.0.1] [Warning(2): Undefined variable $total_rooms] [FILE: /modules/room/funcs/main.php] [LINE: 137] [TRACE:]
#1  LINE: 369   FILE: /index.php

[Wed, 23 Oct 2024 22:27:31 +0700] [home.my] [127.0.0.1] [Warning(2): Undefined variable $lang_module] [FILE: /themes/home/blocks/global.social.php] [LINE: 85] [TRACE:]
#1  LINE: 369   FILE: /index.php
#2  LINE: 145   FILE: /modules/room/funcs/main.php
#3  LINE: 378   FILE: /themes/home/theme.php
#4  LINE: 178   FILE: /includes/core/user_functions.php
#5  LINE: 106   FILE: /themes/home/blocks/global.social.php

[Wed, 23 Oct 2024 22:27:31 +0700] [home.my] [127.0.0.1] [Warning(2): Undefined variable $lang_module] [FILE: /themes/home/blocks/global.filter.php] [LINE: 27] [TRACE:]
#1  LINE: 369   FILE: /index.php
#2  LINE: 145   FILE: /modules/room/funcs/main.php
#3  LINE: 378   FILE: /themes/home/theme.php
#4  LINE: 178   FILE: /includes/core/user_functions.php
#5  LINE: 51    FILE: /themes/home/blocks/global.filter.php

