[Thu, 24 Oct 2024 09:26:36 +0700] [home.my] [127.0.0.1] [Warning(2): Array to string conversion] [FILE: /includes/xtemplate.class.php] [LINE: 864] [TRACE:]
#1  LINE: 369   FILE: /index.php
#2  LINE: 130   FILE: /modules/room/funcs/main.php

[Thu, 24 Oct 2024 09:26:36 +0700] [home.my] [127.0.0.1] [Warning(2): Undefined variable $total_rooms] [FILE: /modules/room/funcs/main.php] [LINE: 137] [TRACE:]
#1  LINE: 369   FILE: /index.php

[Thu, 24 Oct 2024 09:26:36 +0700] [home.my] [127.0.0.1] [Warning(2): Undefined variable $lang_module] [FILE: /themes/home/blocks/global.social.php] [LINE: 85] [TRACE:]
#1  LINE: 369   FILE: /index.php
#2  LINE: 145   FILE: /modules/room/funcs/main.php
#3  LINE: 378   FILE: /themes/home/theme.php
#4  LINE: 178   FILE: /includes/core/user_functions.php
#5  LINE: 106   FILE: /themes/home/blocks/global.social.php

[Thu, 24 Oct 2024 09:26:36 +0700] [home.my] [127.0.0.1] [Warning(2): Undefined variable $lang_module] [FILE: /themes/home/blocks/global.filter.php] [LINE: 27] [TRACE:]
#1  LINE: 369   FILE: /index.php
#2  LINE: 145   FILE: /modules/room/funcs/main.php
#3  LINE: 378   FILE: /themes/home/theme.php
#4  LINE: 178   FILE: /includes/core/user_functions.php
#5  LINE: 51    FILE: /themes/home/blocks/global.filter.php

[Thu, 24 Oct 2024 09:33:56 +0700] [home.my] [127.0.0.1] [Warning(2): file_get_contents(C:/xampp/htdocs/Home_hotel/themes//modules/authors\main.tpl): Failed to open stream: No such file or directory] [FILE: /includes/xtemplate.class.php] [LINE: 1333] [TRACE:]
#1  LINE: 182   FILE: /admin/index.php
#2  LINE: 189   FILE: /admin/authors/main.php
#3  LINE: 395   FILE: /includes/xtemplate.class.php
#4  LINE: 506   FILE: /includes/xtemplate.class.php
#5  LINE: 537   FILE: /includes/xtemplate.class.php
#6  LINE: 1365  FILE: /includes/xtemplate.class.php
#7  LINE: 1333  FILE: /includes/xtemplate.class.php

