[Fri, 01 Nov 2024 10:18:59 +0700] [home.my] [127.0.0.1] [Warning(2): Undefined variable $lang_module] [FILE: /themes/home/blocks/global.search.php] [LINE: 30] [TRACE:]
#1  LINE: 369   FILE: /index.php
#2  LINE: 362   FILE: /modules/news/funcs/main.php
#3  LINE: 378   FILE: /themes/home/theme.php
#4  LINE: 178   FILE: /includes/core/user_functions.php
#5  LINE: 40    FILE: /themes/home/blocks/global.search.php

[Fri, 01 Nov 2024 10:18:59 +0700] [home.my] [127.0.0.1] [Warning(2): Undefined variable $lang_module] [FILE: /themes/home/blocks/global.carousel.php] [LINE: 34] [TRACE:]
#1  LINE: 369   FILE: /index.php
#2  LINE: 362   FILE: /modules/news/funcs/main.php
#3  LINE: 378   FILE: /themes/home/theme.php
#4  LINE: 178   FILE: /includes/core/user_functions.php
#5  LINE: 47    FILE: /themes/home/blocks/global.carousel.php

[Fri, 01 Nov 2024 10:18:59 +0700] [home.my] [127.0.0.1] [Warning(2): Undefined variable $lang_module] [FILE: /themes/home/blocks/global.facilities.php] [LINE: 67] [TRACE:]
#1  LINE: 369   FILE: /index.php
#2  LINE: 362   FILE: /modules/news/funcs/main.php
#3  LINE: 378   FILE: /themes/home/theme.php
#4  LINE: 178   FILE: /includes/core/user_functions.php
#5  LINE: 93    FILE: /themes/home/blocks/global.facilities.php

[Fri, 01 Nov 2024 10:18:59 +0700] [home.my] [127.0.0.1] [Warning(2): Undefined variable $lang_module] [FILE: /themes/home/blocks/global.social.php] [LINE: 85] [TRACE:]
#1  LINE: 369   FILE: /index.php
#2  LINE: 362   FILE: /modules/news/funcs/main.php
#3  LINE: 378   FILE: /themes/home/theme.php
#4  LINE: 178   FILE: /includes/core/user_functions.php
#5  LINE: 106   FILE: /themes/home/blocks/global.social.php

