[Tue, 22 Oct 2024 20:09:39 +0700] [home.my] [127.0.0.1] [Warning(2): Array to string conversion] [FILE: /includes/xtemplate.class.php] [LINE: 864] [TRACE:]
#1  LINE: 369   FILE: /index.php
#2  LINE: 130   FILE: /modules/room/funcs/main.php

[Tue, 22 Oct 2024 20:09:39 +0700] [home.my] [127.0.0.1] [Warning(2): Undefined variable $total_rooms] [FILE: /modules/room/funcs/main.php] [LINE: 137] [TRACE:]
#1  LINE: 369   FILE: /index.php

[Tue, 22 Oct 2024 20:19:15 +0700] [home.my] [127.0.0.1] [Error(1): Uncaught PDOException: SQLSTATE[HY093]: Invalid parameter number in C:\xampp\htdocs\Home_hotel\vendor\vinades\nukeviet\Core\Database.php:694
Stack trace:
#0 C:\xampp\htdocs\Home_hotel\vendor\vinades\nukeviet\Core\Database.php(694): PDOStatement->execute(NULL)
#1 C:\xampp\htdocs\Home_hotel\modules\room\funcs\booking.php(60): NukeViet\Core\NukeVietPDOStatement->execute()
#2 C:\xampp\htdocs\Home_hotel\index.php(369): require('C:\\xampp\\htdocs...')
#3 {main}
  thrown] [FILE: /vendor/vinades/nukeviet/Core/Database.php] [LINE: 694]
[Tue, 22 Oct 2024 20:51:24 +0700] [home.my] [127.0.0.1] [Error(1): Uncaught PDOException: SQLSTATE[42S22]: Column not found: 1054 Unknown column 'r.id' in 'where clause' in C:\xampp\htdocs\Home_hotel\vendor\vinades\nukeviet\Core\Database.php:580
Stack trace:
#0 C:\xampp\htdocs\Home_hotel\vendor\vinades\nukeviet\Core\Database.php(580): PDO->prepare('SELECT r.*, \r\n ...', Array)
#1 C:\xampp\htdocs\Home_hotel\modules\room\funcs\booking.php(51): NukeViet\Core\Database->prepare('SELECT r.*, \r\n ...')
#2 C:\xampp\htdocs\Home_hotel\index.php(369): require('C:\\xampp\\htdocs...')
#3 {main}
  thrown] [FILE: /vendor/vinades/nukeviet/Core/Database.php] [LINE: 580]
[Tue, 22 Oct 2024 21:23:27 +0700] [home.my] [127.0.0.1] [Warning(2): Undefined array key 1] [FILE: /themes/home/blocks/global.summary.php] [LINE: 43] [TRACE:]
#1  LINE: 369   FILE: /index.php
#2  LINE: 109   FILE: /modules/room/funcs/booking.php
#3  LINE: 378   FILE: /themes/home/theme.php
#4  LINE: 178   FILE: /includes/core/user_functions.php
#5  LINE: 78    FILE: /themes/home/blocks/global.summary.php

