[Thu, 31 Oct 2024 13:36:40 +0700] [home.my] [127.0.0.1] [Warning(2): Undefined variable $lang_module] [FILE: /themes/home/blocks/global.search.php] [LINE: 30] [TRACE:]
#1  LINE: 369   FILE: /index.php
#2  LINE: 362   FILE: /modules/news/funcs/main.php
#3  LINE: 378   FILE: /themes/home/theme.php
#4  LINE: 178   FILE: /includes/core/user_functions.php
#5  LINE: 40    FILE: /themes/home/blocks/global.search.php

[Thu, 31 Oct 2024 13:36:40 +0700] [home.my] [127.0.0.1] [Warning(2): Undefined variable $lang_module] [FILE: /themes/home/blocks/global.carousel.php] [LINE: 34] [TRACE:]
#1  LINE: 369   FILE: /index.php
#2  LINE: 362   FILE: /modules/news/funcs/main.php
#3  LINE: 378   FILE: /themes/home/theme.php
#4  LINE: 178   FILE: /includes/core/user_functions.php
#5  LINE: 47    FILE: /themes/home/blocks/global.carousel.php

[Thu, 31 Oct 2024 13:36:40 +0700] [home.my] [127.0.0.1] [Warning(2): Undefined variable $lang_module] [FILE: /themes/home/blocks/global.facilities.php] [LINE: 67] [TRACE:]
#1  LINE: 369   FILE: /index.php
#2  LINE: 362   FILE: /modules/news/funcs/main.php
#3  LINE: 378   FILE: /themes/home/theme.php
#4  LINE: 178   FILE: /includes/core/user_functions.php
#5  LINE: 93    FILE: /themes/home/blocks/global.facilities.php

[Thu, 31 Oct 2024 13:36:40 +0700] [home.my] [127.0.0.1] [Warning(2): Undefined variable $lang_module] [FILE: /themes/home/blocks/global.social.php] [LINE: 85] [TRACE:]
#1  LINE: 369   FILE: /index.php
#2  LINE: 362   FILE: /modules/news/funcs/main.php
#3  LINE: 378   FILE: /themes/home/theme.php
#4  LINE: 178   FILE: /includes/core/user_functions.php
#5  LINE: 106   FILE: /themes/home/blocks/global.social.php

[Thu, 31 Oct 2024 15:10:06 +0700] [home.my] [127.0.0.1] [Warning(2): Array to string conversion] [FILE: /includes/xtemplate.class.php] [LINE: 864] [TRACE:]
#1  LINE: 369   FILE: /index.php
#2  LINE: 130   FILE: /modules/room/funcs/main.php

[Thu, 31 Oct 2024 15:10:06 +0700] [home.my] [127.0.0.1] [Warning(2): Undefined variable $total_rooms] [FILE: /modules/room/funcs/main.php] [LINE: 137] [TRACE:]
#1  LINE: 369   FILE: /index.php

[Thu, 31 Oct 2024 15:10:06 +0700] [home.my] [127.0.0.1] [Warning(2): Undefined variable $lang_module] [FILE: /themes/home/blocks/global.filter.php] [LINE: 27] [TRACE:]
#1  LINE: 369   FILE: /index.php
#2  LINE: 145   FILE: /modules/room/funcs/main.php
#3  LINE: 378   FILE: /themes/home/theme.php
#4  LINE: 178   FILE: /includes/core/user_functions.php
#5  LINE: 51    FILE: /themes/home/blocks/global.filter.php

